The system is: Linux - 2.6.18-402.el5 - x86_64
Compiling the C compiler identification source file "CMakeCCompilerId.c" succeeded.
Compiler: /chimerahomes/phi/compilers/gcc/4.8.2/vanilla/bin/gcc 
Build flags: 
Id flags: 

The output was:
0


Compilation of the C compiler identification source "CMakeCCompilerId.c" produced "a.out"

The C compiler identification is GNU, found in "/chimerahomes/phi/neural_net/luajit-rocks/build-tree/CMakeFiles/2.8.12.2/CompilerIdC/a.out"

Compiling the CXX compiler identification source file "CMakeCXXCompilerId.cpp" succeeded.
Compiler: /chimerahomes/phi/compilers/gcc/4.8.2/vanilla/bin/g++ 
Build flags: 
Id flags: 

The output was:
0


Compilation of the CXX compiler identification source "CMakeCXXCompilerId.cpp" produced "a.out"

The CXX compiler identification is GNU, found in "/chimerahomes/phi/neural_net/luajit-rocks/build-tree/CMakeFiles/2.8.12.2/CompilerIdCXX/a.out"

Determining if the C compiler works passed with the following output:
Change Dir: /chimerahomes/phi/neural_net/luajit-rocks/build-tree/CMakeFiles/CMakeTmp

Run Build Command:/usr/bin/gmake "cmTryCompileExec3465936466/fast"
/usr/bin/gmake -f CMakeFiles/cmTryCompileExec3465936466.dir/build.make CMakeFiles/cmTryCompileExec3465936466.dir/build
gmake[1]: Entering directory `/chimerahomes/phi/neural_net/luajit-rocks/build-tree/CMakeFiles/CMakeTmp'
/fs/gvilsw-usersupported/data/phi/local/bin/cmake -E cmake_progress_report /chimerahomes/phi/neural_net/luajit-rocks/build-tree/CMakeFiles/CMakeTmp/CMakeFiles 1
Building C object CMakeFiles/cmTryCompileExec3465936466.dir/testCCompiler.c.o
/chimerahomes/phi/compilers/gcc/4.8.2/vanilla/bin/gcc    -o CMakeFiles/cmTryCompileExec3465936466.dir/testCCompiler.c.o   -c /chimerahomes/phi/neural_net/luajit-rocks/build-tree/CMakeFiles/CMakeTmp/testCCompiler.c
Linking C executable cmTryCompileExec3465936466
/fs/gvilsw-usersupported/data/phi/local/bin/cmake -E cmake_link_script CMakeFiles/cmTryCompileExec3465936466.dir/link.txt --verbose=1
/chimerahomes/phi/compilers/gcc/4.8.2/vanilla/bin/gcc       CMakeFiles/cmTryCompileExec3465936466.dir/testCCompiler.c.o  -o cmTryCompileExec3465936466 -rdynamic 
gmake[1]: Leaving directory `/chimerahomes/phi/neural_net/luajit-rocks/build-tree/CMakeFiles/CMakeTmp'


Detecting C compiler ABI info compiled with the following output:
Change Dir: /chimerahomes/phi/neural_net/luajit-rocks/build-tree/CMakeFiles/CMakeTmp

Run Build Command:/usr/bin/gmake "cmTryCompileExec2825972793/fast"
/usr/bin/gmake -f CMakeFiles/cmTryCompileExec2825972793.dir/build.make CMakeFiles/cmTryCompileExec2825972793.dir/build
gmake[1]: Entering directory `/chimerahomes/phi/neural_net/luajit-rocks/build-tree/CMakeFiles/CMakeTmp'
/fs/gvilsw-usersupported/data/phi/local/bin/cmake -E cmake_progress_report /chimerahomes/phi/neural_net/luajit-rocks/build-tree/CMakeFiles/CMakeTmp/CMakeFiles 1
Building C object CMakeFiles/cmTryCompileExec2825972793.dir/CMakeCCompilerABI.c.o
/chimerahomes/phi/compilers/gcc/4.8.2/vanilla/bin/gcc    -o CMakeFiles/cmTryCompileExec2825972793.dir/CMakeCCompilerABI.c.o   -c /fs/gvilsw-usersupported/data/phi/local/share/cmake-2.8/Modules/CMakeCCompilerABI.c
Linking C executable cmTryCompileExec2825972793
/fs/gvilsw-usersupported/data/phi/local/bin/cmake -E cmake_link_script CMakeFiles/cmTryCompileExec2825972793.dir/link.txt --verbose=1
/chimerahomes/phi/compilers/gcc/4.8.2/vanilla/bin/gcc     -v CMakeFiles/cmTryCompileExec2825972793.dir/CMakeCCompilerABI.c.o  -o cmTryCompileExec2825972793 -rdynamic  
Using built-in specs.
COLLECT_GCC=/chimerahomes/phi/compilers/gcc/4.8.2/vanilla/bin/gcc
COLLECT_LTO_WRAPPER=/chimerahomes/phi/compilers/gcc/4.8.2/vanilla/libexec/gcc/x86_64-redhat-linux/4.8.2/lto-wrapper
Target: x86_64-redhat-linux
Configured with: /scratch1/phi/4.8.2/configure --prefix=/chimerahomes/phi/compilers/gcc/4.8.2/vanilla --build=x86_64-redhat-linux --host=x86_64-redhat-linux --target=x86_64-redhat-linux --enable-languages=c,c++,fortran --enable-threads=posix --enable-tls --enable-__cxa_atexit --enable-bootstrap --enable-shared
Thread model: posix
gcc version 4.8.2 (GCC) 
COMPILER_PATH=/chimerahomes/phi/compilers/gcc/4.8.2/vanilla/libexec/gcc/x86_64-redhat-linux/4.8.2/:/chimerahomes/phi/compilers/gcc/4.8.2/vanilla/libexec/gcc/x86_64-redhat-linux/4.8.2/:/chimerahomes/phi/compilers/gcc/4.8.2/vanilla/libexec/gcc/x86_64-redhat-linux/:/chimerahomes/phi/compilers/gcc/4.8.2/vanilla/lib/gcc/x86_64-redhat-linux/4.8.2/:/chimerahomes/phi/compilers/gcc/4.8.2/vanilla/lib/gcc/x86_64-redhat-linux/
LIBRARY_PATH=/opt/stow/cuda/cuda-5.5.22/lib64/../lib64/:/opt/stow/cuda/cuda-5.5.22/lib/../lib64/:/chimerahomes/phi/compilers/gcc/4.8.2/vanilla/lib64/../lib64/:/chimerahomes/phi/compilers/gcc/4.8.2/vanilla/lib/../lib64/:/chimerahomes/phi/local/lib64/../lib64/:/chimerahomes/phi/local/lib/../lib64/:/chimerahomes/phi/compilers/gcc/4.8.2/vanilla/lib/gcc/x86_64-redhat-linux/4.8.2/:/chimerahomes/phi/compilers/gcc/4.8.2/vanilla/lib/gcc/x86_64-redhat-linux/4.8.2/../../../../lib64/:/lib/../lib64/:/usr/lib/../lib64/:/chimerahomes/phi/local/src/ncurses/5.9/lib/:/chimerahomes/phi/local/src/readline/6.3/lib/:/chimerahomes/phi/local/src/leveldb/1.15.0/:/chimerahomes/phi/local/src/protobuf/2.6.1/lib/:/chimerahomes/phi/local/src/snappy/1.1.1/lib/:/chimerahomes/phi/local/src/glog/0.3.3/lib/:/chimerahomes/phi/local/src/gflags/2.1.1/lib/:/chimerahomes/phi/local/src/graphviz/2.38.0/lib/:/chimerahomes/phi/local/Trolltech/Qt-4.8.6/lib/:/chimerahomes/phi/local/src/hdf5/1.8.13/lib/:/chimerahomes/phi/local/src/opencv/2.4.10/vanilla/lib/:/chimerahomes/phi/numerical/openblas/0.2.9/install_dir/lib/:/fs/gvilsw-usersupported/data/phi/local/src/boost/1.56.0/lib/:/usr/lib64/nvidia/:/opt/stow/cuda/cuda-5.5.22/lib64/:/opt/stow/cuda/cuda-5.5.22/lib/:/chimerahomes/phi/compilers/gcc/4.8.2/vanilla/lib64/:/chimerahomes/phi/compilers/gcc/4.8.2/vanilla/lib/:/chimerahomes/phi/local/lib64/:/chimerahomes/phi/local/lib/:/chimerahomes/phi/compilers/gcc/4.8.2/vanilla/lib/gcc/x86_64-redhat-linux/4.8.2/../../../:/lib/:/usr/lib/
COLLECT_GCC_OPTIONS='-v' '-o' 'cmTryCompileExec2825972793' '-rdynamic' '-mtune=generic' '-march=x86-64'
 /chimerahomes/phi/compilers/gcc/4.8.2/vanilla/libexec/gcc/x86_64-redhat-linux/4.8.2/collect2 --eh-frame-hdr -m elf_x86_64 -export-dynamic -dynamic-linker /lib64/ld-linux-x86-64.so.2 -o cmTryCompileExec2825972793 /usr/lib/../lib64/crt1.o /usr/lib/../lib64/crti.o /chimerahomes/phi/compilers/gcc/4.8.2/vanilla/lib/gcc/x86_64-redhat-linux/4.8.2/crtbegin.o -L/opt/stow/cuda/cuda-5.5.22/lib64/../lib64 -L/opt/stow/cuda/cuda-5.5.22/lib/../lib64 -L/chimerahomes/phi/compilers/gcc/4.8.2/vanilla/lib64/../lib64 -L/chimerahomes/phi/compilers/gcc/4.8.2/vanilla/lib/../lib64 -L/chimerahomes/phi/local/lib64/../lib64 -L/chimerahomes/phi/local/lib/../lib64 -L/chimerahomes/phi/compilers/gcc/4.8.2/vanilla/lib/gcc/x86_64-redhat-linux/4.8.2 -L/chimerahomes/phi/compilers/gcc/4.8.2/vanilla/lib/gcc/x86_64-redhat-linux/4.8.2/../../../../lib64 -L/lib/../lib64 -L/usr/lib/../lib64 -L/chimerahomes/phi/local/src/ncurses/5.9/lib -L/chimerahomes/phi/local/src/readline/6.3/lib -L/chimerahomes/phi/local/src/leveldb/1.15.0 -L/chimerahomes/phi/local/src/protobuf/2.6.1/lib -L/chimerahomes/phi/local/src/snappy/1.1.1/lib -L/chimerahomes/phi/local/src/glog/0.3.3/lib -L/chimerahomes/phi/local/src/gflags/2.1.1/lib -L/chimerahomes/phi/local/src/graphviz/2.38.0/lib -L/chimerahomes/phi/local/Trolltech/Qt-4.8.6/lib -L/chimerahomes/phi/local/src/hdf5/1.8.13/lib -L/chimerahomes/phi/local/src/opencv/2.4.10/vanilla/lib -L/chimerahomes/phi/numerical/openblas/0.2.9/install_dir/lib -L/fs/gvilsw-usersupported/data/phi/local/src/boost/1.56.0/lib -L/usr/lib64/nvidia -L/opt/stow/cuda/cuda-5.5.22/lib64 -L/opt/stow/cuda/cuda-5.5.22/lib -L/chimerahomes/phi/compilers/gcc/4.8.2/vanilla/lib64 -L/chimerahomes/phi/compilers/gcc/4.8.2/vanilla/lib -L/chimerahomes/phi/local/lib64 -L/chimerahomes/phi/local/lib -L/chimerahomes/phi/compilers/gcc/4.8.2/vanilla/lib/gcc/x86_64-redhat-linux/4.8.2/../../.. CMakeFiles/cmTryCompileExec2825972793.dir/CMakeCCompilerABI.c.o -lgcc --as-needed -lgcc_s --no-as-needed -lc -lgcc --as-needed -lgcc_s --no-as-needed /chimerahomes/phi/compilers/gcc/4.8.2/vanilla/lib/gcc/x86_64-redhat-linux/4.8.2/crtend.o /usr/lib/../lib64/crtn.o
gmake[1]: Leaving directory `/chimerahomes/phi/neural_net/luajit-rocks/build-tree/CMakeFiles/CMakeTmp'


Parsed C implicit link information from above output:
  link line regex: [^( *|.*[/\])(ld|([^/\]+-)?ld|collect2)[^/\]*( |$)]
  ignore line: [Change Dir: /chimerahomes/phi/neural_net/luajit-rocks/build-tree/CMakeFiles/CMakeTmp]
  ignore line: []
  ignore line: [Run Build Command:/usr/bin/gmake "cmTryCompileExec2825972793/fast"]
  ignore line: [/usr/bin/gmake -f CMakeFiles/cmTryCompileExec2825972793.dir/build.make CMakeFiles/cmTryCompileExec2825972793.dir/build]
  ignore line: [gmake[1]: Entering directory `/chimerahomes/phi/neural_net/luajit-rocks/build-tree/CMakeFiles/CMakeTmp']
  ignore line: [/fs/gvilsw-usersupported/data/phi/local/bin/cmake -E cmake_progress_report /chimerahomes/phi/neural_net/luajit-rocks/build-tree/CMakeFiles/CMakeTmp/CMakeFiles 1]
  ignore line: [Building C object CMakeFiles/cmTryCompileExec2825972793.dir/CMakeCCompilerABI.c.o]
  ignore line: [/chimerahomes/phi/compilers/gcc/4.8.2/vanilla/bin/gcc    -o CMakeFiles/cmTryCompileExec2825972793.dir/CMakeCCompilerABI.c.o   -c /fs/gvilsw-usersupported/data/phi/local/share/cmake-2.8/Modules/CMakeCCompilerABI.c]
  ignore line: [Linking C executable cmTryCompileExec2825972793]
  ignore line: [/fs/gvilsw-usersupported/data/phi/local/bin/cmake -E cmake_link_script CMakeFiles/cmTryCompileExec2825972793.dir/link.txt --verbose=1]
  ignore line: [/chimerahomes/phi/compilers/gcc/4.8.2/vanilla/bin/gcc     -v CMakeFiles/cmTryCompileExec2825972793.dir/CMakeCCompilerABI.c.o  -o cmTryCompileExec2825972793 -rdynamic  ]
  ignore line: [Using built-in specs.]
  ignore line: [COLLECT_GCC=/chimerahomes/phi/compilers/gcc/4.8.2/vanilla/bin/gcc]
  ignore line: [COLLECT_LTO_WRAPPER=/chimerahomes/phi/compilers/gcc/4.8.2/vanilla/libexec/gcc/x86_64-redhat-linux/4.8.2/lto-wrapper]
  ignore line: [Target: x86_64-redhat-linux]
  ignore line: [Configured with: /scratch1/phi/4.8.2/configure --prefix=/chimerahomes/phi/compilers/gcc/4.8.2/vanilla --build=x86_64-redhat-linux --host=x86_64-redhat-linux --target=x86_64-redhat-linux --enable-languages=c,c++,fortran --enable-threads=posix --enable-tls --enable-__cxa_atexit --enable-bootstrap --enable-shared]
  ignore line: [Thread model: posix]
  ignore line: [gcc version 4.8.2 (GCC) ]
  ignore line: [COMPILER_PATH=/chimerahomes/phi/compilers/gcc/4.8.2/vanilla/libexec/gcc/x86_64-redhat-linux/4.8.2/:/chimerahomes/phi/compilers/gcc/4.8.2/vanilla/libexec/gcc/x86_64-redhat-linux/4.8.2/:/chimerahomes/phi/compilers/gcc/4.8.2/vanilla/libexec/gcc/x86_64-redhat-linux/:/chimerahomes/phi/compilers/gcc/4.8.2/vanilla/lib/gcc/x86_64-redhat-linux/4.8.2/:/chimerahomes/phi/compilers/gcc/4.8.2/vanilla/lib/gcc/x86_64-redhat-linux/]
  ignore line: [LIBRARY_PATH=/opt/stow/cuda/cuda-5.5.22/lib64/../lib64/:/opt/stow/cuda/cuda-5.5.22/lib/../lib64/:/chimerahomes/phi/compilers/gcc/4.8.2/vanilla/lib64/../lib64/:/chimerahomes/phi/compilers/gcc/4.8.2/vanilla/lib/../lib64/:/chimerahomes/phi/local/lib64/../lib64/:/chimerahomes/phi/local/lib/../lib64/:/chimerahomes/phi/compilers/gcc/4.8.2/vanilla/lib/gcc/x86_64-redhat-linux/4.8.2/:/chimerahomes/phi/compilers/gcc/4.8.2/vanilla/lib/gcc/x86_64-redhat-linux/4.8.2/../../../../lib64/:/lib/../lib64/:/usr/lib/../lib64/:/chimerahomes/phi/local/src/ncurses/5.9/lib/:/chimerahomes/phi/local/src/readline/6.3/lib/:/chimerahomes/phi/local/src/leveldb/1.15.0/:/chimerahomes/phi/local/src/protobuf/2.6.1/lib/:/chimerahomes/phi/local/src/snappy/1.1.1/lib/:/chimerahomes/phi/local/src/glog/0.3.3/lib/:/chimerahomes/phi/local/src/gflags/2.1.1/lib/:/chimerahomes/phi/local/src/graphviz/2.38.0/lib/:/chimerahomes/phi/local/Trolltech/Qt-4.8.6/lib/:/chimerahomes/phi/local/src/hdf5/1.8.13/lib/:/chimerahomes/phi/local/src/opencv/2.4.10/vanilla/lib/:/chimerahomes/phi/numerical/openblas/0.2.9/install_dir/lib/:/fs/gvilsw-usersupported/data/phi/local/src/boost/1.56.0/lib/:/usr/lib64/nvidia/:/opt/stow/cuda/cuda-5.5.22/lib64/:/opt/stow/cuda/cuda-5.5.22/lib/:/chimerahomes/phi/compilers/gcc/4.8.2/vanilla/lib64/:/chimerahomes/phi/compilers/gcc/4.8.2/vanilla/lib/:/chimerahomes/phi/local/lib64/:/chimerahomes/phi/local/lib/:/chimerahomes/phi/compilers/gcc/4.8.2/vanilla/lib/gcc/x86_64-redhat-linux/4.8.2/../../../:/lib/:/usr/lib/]
  ignore line: [COLLECT_GCC_OPTIONS='-v' '-o' 'cmTryCompileExec2825972793' '-rdynamic' '-mtune=generic' '-march=x86-64']
  link line: [ /chimerahomes/phi/compilers/gcc/4.8.2/vanilla/libexec/gcc/x86_64-redhat-linux/4.8.2/collect2 --eh-frame-hdr -m elf_x86_64 -export-dynamic -dynamic-linker /lib64/ld-linux-x86-64.so.2 -o cmTryCompileExec2825972793 /usr/lib/../lib64/crt1.o /usr/lib/../lib64/crti.o /chimerahomes/phi/compilers/gcc/4.8.2/vanilla/lib/gcc/x86_64-redhat-linux/4.8.2/crtbegin.o -L/opt/stow/cuda/cuda-5.5.22/lib64/../lib64 -L/opt/stow/cuda/cuda-5.5.22/lib/../lib64 -L/chimerahomes/phi/compilers/gcc/4.8.2/vanilla/lib64/../lib64 -L/chimerahomes/phi/compilers/gcc/4.8.2/vanilla/lib/../lib64 -L/chimerahomes/phi/local/lib64/../lib64 -L/chimerahomes/phi/local/lib/../lib64 -L/chimerahomes/phi/compilers/gcc/4.8.2/vanilla/lib/gcc/x86_64-redhat-linux/4.8.2 -L/chimerahomes/phi/compilers/gcc/4.8.2/vanilla/lib/gcc/x86_64-redhat-linux/4.8.2/../../../../lib64 -L/lib/../lib64 -L/usr/lib/../lib64 -L/chimerahomes/phi/local/src/ncurses/5.9/lib -L/chimerahomes/phi/local/src/readline/6.3/lib -L/chimerahomes/phi/local/src/leveldb/1.15.0 -L/chimerahomes/phi/local/src/protobuf/2.6.1/lib -L/chimerahomes/phi/local/src/snappy/1.1.1/lib -L/chimerahomes/phi/local/src/glog/0.3.3/lib -L/chimerahomes/phi/local/src/gflags/2.1.1/lib -L/chimerahomes/phi/local/src/graphviz/2.38.0/lib -L/chimerahomes/phi/local/Trolltech/Qt-4.8.6/lib -L/chimerahomes/phi/local/src/hdf5/1.8.13/lib -L/chimerahomes/phi/local/src/opencv/2.4.10/vanilla/lib -L/chimerahomes/phi/numerical/openblas/0.2.9/install_dir/lib -L/fs/gvilsw-usersupported/data/phi/local/src/boost/1.56.0/lib -L/usr/lib64/nvidia -L/opt/stow/cuda/cuda-5.5.22/lib64 -L/opt/stow/cuda/cuda-5.5.22/lib -L/chimerahomes/phi/compilers/gcc/4.8.2/vanilla/lib64 -L/chimerahomes/phi/compilers/gcc/4.8.2/vanilla/lib -L/chimerahomes/phi/local/lib64 -L/chimerahomes/phi/local/lib -L/chimerahomes/phi/compilers/gcc/4.8.2/vanilla/lib/gcc/x86_64-redhat-linux/4.8.2/../../.. CMakeFiles/cmTryCompileExec2825972793.dir/CMakeCCompilerABI.c.o -lgcc --as-needed -lgcc_s --no-as-needed -lc -lgcc --as-needed -lgcc_s --no-as-needed /chimerahomes/phi/compilers/gcc/4.8.2/vanilla/lib/gcc/x86_64-redhat-linux/4.8.2/crtend.o /usr/lib/../lib64/crtn.o]
    arg [/chimerahomes/phi/compilers/gcc/4.8.2/vanilla/libexec/gcc/x86_64-redhat-linux/4.8.2/collect2] ==> ignore
    arg [--eh-frame-hdr] ==> ignore
    arg [-m] ==> ignore
    arg [elf_x86_64] ==> ignore
    arg [-export-dynamic] ==> ignore
    arg [-dynamic-linker] ==> ignore
    arg [/lib64/ld-linux-x86-64.so.2] ==> ignore
    arg [-o] ==> ignore
    arg [cmTryCompileExec2825972793] ==> ignore
    arg [/usr/lib/../lib64/crt1.o] ==> ignore
    arg [/usr/lib/../lib64/crti.o] ==> ignore
    arg [/chimerahomes/phi/compilers/gcc/4.8.2/vanilla/lib/gcc/x86_64-redhat-linux/4.8.2/crtbegin.o] ==> ignore
    arg [-L/opt/stow/cuda/cuda-5.5.22/lib64/../lib64] ==> dir [/opt/stow/cuda/cuda-5.5.22/lib64/../lib64]
    arg [-L/opt/stow/cuda/cuda-5.5.22/lib/../lib64] ==> dir [/opt/stow/cuda/cuda-5.5.22/lib/../lib64]
    arg [-L/chimerahomes/phi/compilers/gcc/4.8.2/vanilla/lib64/../lib64] ==> dir [/chimerahomes/phi/compilers/gcc/4.8.2/vanilla/lib64/../lib64]
    arg [-L/chimerahomes/phi/compilers/gcc/4.8.2/vanilla/lib/../lib64] ==> dir [/chimerahomes/phi/compilers/gcc/4.8.2/vanilla/lib/../lib64]
    arg [-L/chimerahomes/phi/local/lib64/../lib64] ==> dir [/chimerahomes/phi/local/lib64/../lib64]
    arg [-L/chimerahomes/phi/local/lib/../lib64] ==> dir [/chimerahomes/phi/local/lib/../lib64]
    arg [-L/chimerahomes/phi/compilers/gcc/4.8.2/vanilla/lib/gcc/x86_64-redhat-linux/4.8.2] ==> dir [/chimerahomes/phi/compilers/gcc/4.8.2/vanilla/lib/gcc/x86_64-redhat-linux/4.8.2]
    arg [-L/chimerahomes/phi/compilers/gcc/4.8.2/vanilla/lib/gcc/x86_64-redhat-linux/4.8.2/../../../../lib64] ==> dir [/chimerahomes/phi/compilers/gcc/4.8.2/vanilla/lib/gcc/x86_64-redhat-linux/4.8.2/../../../../lib64]
    arg [-L/lib/../lib64] ==> dir [/lib/../lib64]
    arg [-L/usr/lib/../lib64] ==> dir [/usr/lib/../lib64]
    arg [-L/chimerahomes/phi/local/src/ncurses/5.9/lib] ==> dir [/chimerahomes/phi/local/src/ncurses/5.9/lib]
    arg [-L/chimerahomes/phi/local/src/readline/6.3/lib] ==> dir [/chimerahomes/phi/local/src/readline/6.3/lib]
    arg [-L/chimerahomes/phi/local/src/leveldb/1.15.0] ==> dir [/chimerahomes/phi/local/src/leveldb/1.15.0]
    arg [-L/chimerahomes/phi/local/src/protobuf/2.6.1/lib] ==> dir [/chimerahomes/phi/local/src/protobuf/2.6.1/lib]
    arg [-L/chimerahomes/phi/local/src/snappy/1.1.1/lib] ==> dir [/chimerahomes/phi/local/src/snappy/1.1.1/lib]
    arg [-L/chimerahomes/phi/local/src/glog/0.3.3/lib] ==> dir [/chimerahomes/phi/local/src/glog/0.3.3/lib]
    arg [-L/chimerahomes/phi/local/src/gflags/2.1.1/lib] ==> dir [/chimerahomes/phi/local/src/gflags/2.1.1/lib]
    arg [-L/chimerahomes/phi/local/src/graphviz/2.38.0/lib] ==> dir [/chimerahomes/phi/local/src/graphviz/2.38.0/lib]
    arg [-L/chimerahomes/phi/local/Trolltech/Qt-4.8.6/lib] ==> dir [/chimerahomes/phi/local/Trolltech/Qt-4.8.6/lib]
    arg [-L/chimerahomes/phi/local/src/hdf5/1.8.13/lib] ==> dir [/chimerahomes/phi/local/src/hdf5/1.8.13/lib]
    arg [-L/chimerahomes/phi/local/src/opencv/2.4.10/vanilla/lib] ==> dir [/chimerahomes/phi/local/src/opencv/2.4.10/vanilla/lib]
    arg [-L/chimerahomes/phi/numerical/openblas/0.2.9/install_dir/lib] ==> dir [/chimerahomes/phi/numerical/openblas/0.2.9/install_dir/lib]
    arg [-L/fs/gvilsw-usersupported/data/phi/local/src/boost/1.56.0/lib] ==> dir [/fs/gvilsw-usersupported/data/phi/local/src/boost/1.56.0/lib]
    arg [-L/usr/lib64/nvidia] ==> dir [/usr/lib64/nvidia]
    arg [-L/opt/stow/cuda/cuda-5.5.22/lib64] ==> dir [/opt/stow/cuda/cuda-5.5.22/lib64]
    arg [-L/opt/stow/cuda/cuda-5.5.22/lib] ==> dir [/opt/stow/cuda/cuda-5.5.22/lib]
    arg [-L/chimerahomes/phi/compilers/gcc/4.8.2/vanilla/lib64] ==> dir [/chimerahomes/phi/compilers/gcc/4.8.2/vanilla/lib64]
    arg [-L/chimerahomes/phi/compilers/gcc/4.8.2/vanilla/lib] ==> dir [/chimerahomes/phi/compilers/gcc/4.8.2/vanilla/lib]
    arg [-L/chimerahomes/phi/local/lib64] ==> dir [/chimerahomes/phi/local/lib64]
    arg [-L/chimerahomes/phi/local/lib] ==> dir [/chimerahomes/phi/local/lib]
    arg [-L/chimerahomes/phi/compilers/gcc/4.8.2/vanilla/lib/gcc/x86_64-redhat-linux/4.8.2/../../..] ==> dir [/chimerahomes/phi/compilers/gcc/4.8.2/vanilla/lib/gcc/x86_64-redhat-linux/4.8.2/../../..]
    arg [CMakeFiles/cmTryCompileExec2825972793.dir/CMakeCCompilerABI.c.o] ==> ignore
    arg [-lgcc] ==> lib [gcc]
    arg [--as-needed] ==> ignore
    arg [-lgcc_s] ==> lib [gcc_s]
    arg [--no-as-needed] ==> ignore
    arg [-lc] ==> lib [c]
    arg [-lgcc] ==> lib [gcc]
    arg [--as-needed] ==> ignore
    arg [-lgcc_s] ==> lib [gcc_s]
    arg [--no-as-needed] ==> ignore
    arg [/chimerahomes/phi/compilers/gcc/4.8.2/vanilla/lib/gcc/x86_64-redhat-linux/4.8.2/crtend.o] ==> ignore
    arg [/usr/lib/../lib64/crtn.o] ==> ignore
  remove lib [gcc]
  remove lib [gcc_s]
  remove lib [gcc]
  remove lib [gcc_s]
  collapse library dir [/opt/stow/cuda/cuda-5.5.22/lib64/../lib64] ==> [/opt/stow/cuda/cuda-5.5.22/lib64]
  collapse library dir [/opt/stow/cuda/cuda-5.5.22/lib/../lib64] ==> [/opt/stow/cuda/cuda-5.5.22/lib64]
  collapse library dir [/chimerahomes/phi/compilers/gcc/4.8.2/vanilla/lib64/../lib64] ==> [/chimerahomes/phi/compilers/gcc/4.8.2/vanilla/lib64]
  collapse library dir [/chimerahomes/phi/compilers/gcc/4.8.2/vanilla/lib/../lib64] ==> [/chimerahomes/phi/compilers/gcc/4.8.2/vanilla/lib64]
  collapse library dir [/chimerahomes/phi/local/lib64/../lib64] ==> [/chimerahomes/phi/local/lib64]
  collapse library dir [/chimerahomes/phi/local/lib/../lib64] ==> [/chimerahomes/phi/local/lib64]
  collapse library dir [/chimerahomes/phi/compilers/gcc/4.8.2/vanilla/lib/gcc/x86_64-redhat-linux/4.8.2] ==> [/chimerahomes/phi/compilers/gcc/4.8.2/vanilla/lib/gcc/x86_64-redhat-linux/4.8.2]
  collapse library dir [/chimerahomes/phi/compilers/gcc/4.8.2/vanilla/lib/gcc/x86_64-redhat-linux/4.8.2/../../../../lib64] ==> [/chimerahomes/phi/compilers/gcc/4.8.2/vanilla/lib64]
  collapse library dir [/lib/../lib64] ==> [/lib64]
  collapse library dir [/usr/lib/../lib64] ==> [/usr/lib64]
  collapse library dir [/chimerahomes/phi/local/src/ncurses/5.9/lib] ==> [/chimerahomes/phi/local/src/ncurses/5.9/lib]
  collapse library dir [/chimerahomes/phi/local/src/readline/6.3/lib] ==> [/chimerahomes/phi/local/src/readline/6.3/lib]
  collapse library dir [/chimerahomes/phi/local/src/leveldb/1.15.0] ==> [/chimerahomes/phi/local/src/leveldb/1.15.0]
  collapse library dir [/chimerahomes/phi/local/src/protobuf/2.6.1/lib] ==> [/chimerahomes/phi/local/src/protobuf/2.6.1/lib]
  collapse library dir [/chimerahomes/phi/local/src/snappy/1.1.1/lib] ==> [/chimerahomes/phi/local/src/snappy/1.1.1/lib]
  collapse library dir [/chimerahomes/phi/local/src/glog/0.3.3/lib] ==> [/chimerahomes/phi/local/src/glog/0.3.3/lib]
  collapse library dir [/chimerahomes/phi/local/src/gflags/2.1.1/lib] ==> [/chimerahomes/phi/local/src/gflags/2.1.1/lib]
  collapse library dir [/chimerahomes/phi/local/src/graphviz/2.38.0/lib] ==> [/chimerahomes/phi/local/src/graphviz/2.38.0/lib]
  collapse library dir [/chimerahomes/phi/local/Trolltech/Qt-4.8.6/lib] ==> [/chimerahomes/phi/local/Trolltech/Qt-4.8.6/lib]
  collapse library dir [/chimerahomes/phi/local/src/hdf5/1.8.13/lib] ==> [/chimerahomes/phi/local/src/hdf5/1.8.13/lib]
  collapse library dir [/chimerahomes/phi/local/src/opencv/2.4.10/vanilla/lib] ==> [/chimerahomes/phi/local/src/opencv/2.4.10/vanilla/lib]
  collapse library dir [/chimerahomes/phi/numerical/openblas/0.2.9/install_dir/lib] ==> [/chimerahomes/phi/numerical/openblas/0.2.9/install_dir/lib]
  collapse library dir [/fs/gvilsw-usersupported/data/phi/local/src/boost/1.56.0/lib] ==> [/fs/gvilsw-usersupported/data/phi/local/src/boost/1.56.0/lib]
  collapse library dir [/usr/lib64/nvidia] ==> [/usr/lib64/nvidia]
  collapse library dir [/opt/stow/cuda/cuda-5.5.22/lib64] ==> [/opt/stow/cuda/cuda-5.5.22/lib64]
  collapse library dir [/opt/stow/cuda/cuda-5.5.22/lib] ==> [/opt/stow/cuda/cuda-5.5.22/lib]
  collapse library dir [/chimerahomes/phi/compilers/gcc/4.8.2/vanilla/lib64] ==> [/chimerahomes/phi/compilers/gcc/4.8.2/vanilla/lib64]
  collapse library dir [/chimerahomes/phi/compilers/gcc/4.8.2/vanilla/lib] ==> [/chimerahomes/phi/compilers/gcc/4.8.2/vanilla/lib]
  collapse library dir [/chimerahomes/phi/local/lib64] ==> [/chimerahomes/phi/local/lib64]
  collapse library dir [/chimerahomes/phi/local/lib] ==> [/chimerahomes/phi/local/lib]
  collapse library dir [/chimerahomes/phi/compilers/gcc/4.8.2/vanilla/lib/gcc/x86_64-redhat-linux/4.8.2/../../..] ==> [/chimerahomes/phi/compilers/gcc/4.8.2/vanilla/lib]
  implicit libs: [c]
  implicit dirs: [/opt/stow/cuda/cuda-5.5.22/lib64;/chimerahomes/phi/compilers/gcc/4.8.2/vanilla/lib64;/chimerahomes/phi/local/lib64;/chimerahomes/phi/compilers/gcc/4.8.2/vanilla/lib/gcc/x86_64-redhat-linux/4.8.2;/lib64;/usr/lib64;/chimerahomes/phi/local/src/ncurses/5.9/lib;/chimerahomes/phi/local/src/readline/6.3/lib;/chimerahomes/phi/local/src/leveldb/1.15.0;/chimerahomes/phi/local/src/protobuf/2.6.1/lib;/chimerahomes/phi/local/src/snappy/1.1.1/lib;/chimerahomes/phi/local/src/glog/0.3.3/lib;/chimerahomes/phi/local/src/gflags/2.1.1/lib;/chimerahomes/phi/local/src/graphviz/2.38.0/lib;/chimerahomes/phi/local/Trolltech/Qt-4.8.6/lib;/chimerahomes/phi/local/src/hdf5/1.8.13/lib;/chimerahomes/phi/local/src/opencv/2.4.10/vanilla/lib;/chimerahomes/phi/numerical/openblas/0.2.9/install_dir/lib;/fs/gvilsw-usersupported/data/phi/local/src/boost/1.56.0/lib;/usr/lib64/nvidia;/opt/stow/cuda/cuda-5.5.22/lib;/chimerahomes/phi/compilers/gcc/4.8.2/vanilla/lib;/chimerahomes/phi/local/lib]
  implicit fwks: []


Determining if the CXX compiler works passed with the following output:
Change Dir: /chimerahomes/phi/neural_net/luajit-rocks/build-tree/CMakeFiles/CMakeTmp

Run Build Command:/usr/bin/gmake "cmTryCompileExec4107559259/fast"
/usr/bin/gmake -f CMakeFiles/cmTryCompileExec4107559259.dir/build.make CMakeFiles/cmTryCompileExec4107559259.dir/build
gmake[1]: Entering directory `/chimerahomes/phi/neural_net/luajit-rocks/build-tree/CMakeFiles/CMakeTmp'
/fs/gvilsw-usersupported/data/phi/local/bin/cmake -E cmake_progress_report /chimerahomes/phi/neural_net/luajit-rocks/build-tree/CMakeFiles/CMakeTmp/CMakeFiles 1
Building CXX object CMakeFiles/cmTryCompileExec4107559259.dir/testCXXCompiler.cxx.o
/chimerahomes/phi/compilers/gcc/4.8.2/vanilla/bin/g++     -o CMakeFiles/cmTryCompileExec4107559259.dir/testCXXCompiler.cxx.o -c /chimerahomes/phi/neural_net/luajit-rocks/build-tree/CMakeFiles/CMakeTmp/testCXXCompiler.cxx
Linking CXX executable cmTryCompileExec4107559259
/fs/gvilsw-usersupported/data/phi/local/bin/cmake -E cmake_link_script CMakeFiles/cmTryCompileExec4107559259.dir/link.txt --verbose=1
/chimerahomes/phi/compilers/gcc/4.8.2/vanilla/bin/g++        CMakeFiles/cmTryCompileExec4107559259.dir/testCXXCompiler.cxx.o  -o cmTryCompileExec4107559259 -rdynamic 
gmake[1]: Leaving directory `/chimerahomes/phi/neural_net/luajit-rocks/build-tree/CMakeFiles/CMakeTmp'


Detecting CXX compiler ABI info compiled with the following output:
Change Dir: /chimerahomes/phi/neural_net/luajit-rocks/build-tree/CMakeFiles/CMakeTmp

Run Build Command:/usr/bin/gmake "cmTryCompileExec3790160580/fast"
/usr/bin/gmake -f CMakeFiles/cmTryCompileExec3790160580.dir/build.make CMakeFiles/cmTryCompileExec3790160580.dir/build
gmake[1]: Entering directory `/chimerahomes/phi/neural_net/luajit-rocks/build-tree/CMakeFiles/CMakeTmp'
/fs/gvilsw-usersupported/data/phi/local/bin/cmake -E cmake_progress_report /chimerahomes/phi/neural_net/luajit-rocks/build-tree/CMakeFiles/CMakeTmp/CMakeFiles 1
Building CXX object CMakeFiles/cmTryCompileExec3790160580.dir/CMakeCXXCompilerABI.cpp.o
/chimerahomes/phi/compilers/gcc/4.8.2/vanilla/bin/g++     -o CMakeFiles/cmTryCompileExec3790160580.dir/CMakeCXXCompilerABI.cpp.o -c /fs/gvilsw-usersupported/data/phi/local/share/cmake-2.8/Modules/CMakeCXXCompilerABI.cpp
Linking CXX executable cmTryCompileExec3790160580
/fs/gvilsw-usersupported/data/phi/local/bin/cmake -E cmake_link_script CMakeFiles/cmTryCompileExec3790160580.dir/link.txt --verbose=1
/chimerahomes/phi/compilers/gcc/4.8.2/vanilla/bin/g++      -v CMakeFiles/cmTryCompileExec3790160580.dir/CMakeCXXCompilerABI.cpp.o  -o cmTryCompileExec3790160580 -rdynamic  
Using built-in specs.
COLLECT_GCC=/chimerahomes/phi/compilers/gcc/4.8.2/vanilla/bin/g++
COLLECT_LTO_WRAPPER=/chimerahomes/phi/compilers/gcc/4.8.2/vanilla/libexec/gcc/x86_64-redhat-linux/4.8.2/lto-wrapper
Target: x86_64-redhat-linux
Configured with: /scratch1/phi/4.8.2/configure --prefix=/chimerahomes/phi/compilers/gcc/4.8.2/vanilla --build=x86_64-redhat-linux --host=x86_64-redhat-linux --target=x86_64-redhat-linux --enable-languages=c,c++,fortran --enable-threads=posix --enable-tls --enable-__cxa_atexit --enable-bootstrap --enable-shared
Thread model: posix
gcc version 4.8.2 (GCC) 
COMPILER_PATH=/chimerahomes/phi/compilers/gcc/4.8.2/vanilla/libexec/gcc/x86_64-redhat-linux/4.8.2/:/chimerahomes/phi/compilers/gcc/4.8.2/vanilla/libexec/gcc/x86_64-redhat-linux/4.8.2/:/chimerahomes/phi/compilers/gcc/4.8.2/vanilla/libexec/gcc/x86_64-redhat-linux/:/chimerahomes/phi/compilers/gcc/4.8.2/vanilla/lib/gcc/x86_64-redhat-linux/4.8.2/:/chimerahomes/phi/compilers/gcc/4.8.2/vanilla/lib/gcc/x86_64-redhat-linux/
LIBRARY_PATH=/opt/stow/cuda/cuda-5.5.22/lib64/../lib64/:/opt/stow/cuda/cuda-5.5.22/lib/../lib64/:/chimerahomes/phi/compilers/gcc/4.8.2/vanilla/lib64/../lib64/:/chimerahomes/phi/compilers/gcc/4.8.2/vanilla/lib/../lib64/:/chimerahomes/phi/local/lib64/../lib64/:/chimerahomes/phi/local/lib/../lib64/:/chimerahomes/phi/compilers/gcc/4.8.2/vanilla/lib/gcc/x86_64-redhat-linux/4.8.2/:/chimerahomes/phi/compilers/gcc/4.8.2/vanilla/lib/gcc/x86_64-redhat-linux/4.8.2/../../../../lib64/:/lib/../lib64/:/usr/lib/../lib64/:/chimerahomes/phi/local/src/ncurses/5.9/lib/:/chimerahomes/phi/local/src/readline/6.3/lib/:/chimerahomes/phi/local/src/leveldb/1.15.0/:/chimerahomes/phi/local/src/protobuf/2.6.1/lib/:/chimerahomes/phi/local/src/snappy/1.1.1/lib/:/chimerahomes/phi/local/src/glog/0.3.3/lib/:/chimerahomes/phi/local/src/gflags/2.1.1/lib/:/chimerahomes/phi/local/src/graphviz/2.38.0/lib/:/chimerahomes/phi/local/Trolltech/Qt-4.8.6/lib/:/chimerahomes/phi/local/src/hdf5/1.8.13/lib/:/chimerahomes/phi/local/src/opencv/2.4.10/vanilla/lib/:/chimerahomes/phi/numerical/openblas/0.2.9/install_dir/lib/:/fs/gvilsw-usersupported/data/phi/local/src/boost/1.56.0/lib/:/usr/lib64/nvidia/:/opt/stow/cuda/cuda-5.5.22/lib64/:/opt/stow/cuda/cuda-5.5.22/lib/:/chimerahomes/phi/compilers/gcc/4.8.2/vanilla/lib64/:/chimerahomes/phi/compilers/gcc/4.8.2/vanilla/lib/:/chimerahomes/phi/local/lib64/:/chimerahomes/phi/local/lib/:/chimerahomes/phi/compilers/gcc/4.8.2/vanilla/lib/gcc/x86_64-redhat-linux/4.8.2/../../../:/lib/:/usr/lib/
COLLECT_GCC_OPTIONS='-v' '-o' 'cmTryCompileExec3790160580' '-rdynamic' '-shared-libgcc' '-mtune=generic' '-march=x86-64'
 /chimerahomes/phi/compilers/gcc/4.8.2/vanilla/libexec/gcc/x86_64-redhat-linux/4.8.2/collect2 --eh-frame-hdr -m elf_x86_64 -export-dynamic -dynamic-linker /lib64/ld-linux-x86-64.so.2 -o cmTryCompileExec3790160580 /usr/lib/../lib64/crt1.o /usr/lib/../lib64/crti.o /chimerahomes/phi/compilers/gcc/4.8.2/vanilla/lib/gcc/x86_64-redhat-linux/4.8.2/crtbegin.o -L/opt/stow/cuda/cuda-5.5.22/lib64/../lib64 -L/opt/stow/cuda/cuda-5.5.22/lib/../lib64 -L/chimerahomes/phi/compilers/gcc/4.8.2/vanilla/lib64/../lib64 -L/chimerahomes/phi/compilers/gcc/4.8.2/vanilla/lib/../lib64 -L/chimerahomes/phi/local/lib64/../lib64 -L/chimerahomes/phi/local/lib/../lib64 -L/chimerahomes/phi/compilers/gcc/4.8.2/vanilla/lib/gcc/x86_64-redhat-linux/4.8.2 -L/chimerahomes/phi/compilers/gcc/4.8.2/vanilla/lib/gcc/x86_64-redhat-linux/4.8.2/../../../../lib64 -L/lib/../lib64 -L/usr/lib/../lib64 -L/chimerahomes/phi/local/src/ncurses/5.9/lib -L/chimerahomes/phi/local/src/readline/6.3/lib -L/chimerahomes/phi/local/src/leveldb/1.15.0 -L/chimerahomes/phi/local/src/protobuf/2.6.1/lib -L/chimerahomes/phi/local/src/snappy/1.1.1/lib -L/chimerahomes/phi/local/src/glog/0.3.3/lib -L/chimerahomes/phi/local/src/gflags/2.1.1/lib -L/chimerahomes/phi/local/src/graphviz/2.38.0/lib -L/chimerahomes/phi/local/Trolltech/Qt-4.8.6/lib -L/chimerahomes/phi/local/src/hdf5/1.8.13/lib -L/chimerahomes/phi/local/src/opencv/2.4.10/vanilla/lib -L/chimerahomes/phi/numerical/openblas/0.2.9/install_dir/lib -L/fs/gvilsw-usersupported/data/phi/local/src/boost/1.56.0/lib -L/usr/lib64/nvidia -L/opt/stow/cuda/cuda-5.5.22/lib64 -L/opt/stow/cuda/cuda-5.5.22/lib -L/chimerahomes/phi/compilers/gcc/4.8.2/vanilla/lib64 -L/chimerahomes/phi/compilers/gcc/4.8.2/vanilla/lib -L/chimerahomes/phi/local/lib64 -L/chimerahomes/phi/local/lib -L/chimerahomes/phi/compilers/gcc/4.8.2/vanilla/lib/gcc/x86_64-redhat-linux/4.8.2/../../.. CMakeFiles/cmTryCompileExec3790160580.dir/CMakeCXXCompilerABI.cpp.o -lstdc++ -lm -lgcc_s -lgcc -lc -lgcc_s -lgcc /chimerahomes/phi/compilers/gcc/4.8.2/vanilla/lib/gcc/x86_64-redhat-linux/4.8.2/crtend.o /usr/lib/../lib64/crtn.o
gmake[1]: Leaving directory `/chimerahomes/phi/neural_net/luajit-rocks/build-tree/CMakeFiles/CMakeTmp'


Parsed CXX implicit link information from above output:
  link line regex: [^( *|.*[/\])(ld|([^/\]+-)?ld|collect2)[^/\]*( |$)]
  ignore line: [Change Dir: /chimerahomes/phi/neural_net/luajit-rocks/build-tree/CMakeFiles/CMakeTmp]
  ignore line: []
  ignore line: [Run Build Command:/usr/bin/gmake "cmTryCompileExec3790160580/fast"]
  ignore line: [/usr/bin/gmake -f CMakeFiles/cmTryCompileExec3790160580.dir/build.make CMakeFiles/cmTryCompileExec3790160580.dir/build]
  ignore line: [gmake[1]: Entering directory `/chimerahomes/phi/neural_net/luajit-rocks/build-tree/CMakeFiles/CMakeTmp']
  ignore line: [/fs/gvilsw-usersupported/data/phi/local/bin/cmake -E cmake_progress_report /chimerahomes/phi/neural_net/luajit-rocks/build-tree/CMakeFiles/CMakeTmp/CMakeFiles 1]
  ignore line: [Building CXX object CMakeFiles/cmTryCompileExec3790160580.dir/CMakeCXXCompilerABI.cpp.o]
  ignore line: [/chimerahomes/phi/compilers/gcc/4.8.2/vanilla/bin/g++     -o CMakeFiles/cmTryCompileExec3790160580.dir/CMakeCXXCompilerABI.cpp.o -c /fs/gvilsw-usersupported/data/phi/local/share/cmake-2.8/Modules/CMakeCXXCompilerABI.cpp]
  ignore line: [Linking CXX executable cmTryCompileExec3790160580]
  ignore line: [/fs/gvilsw-usersupported/data/phi/local/bin/cmake -E cmake_link_script CMakeFiles/cmTryCompileExec3790160580.dir/link.txt --verbose=1]
  ignore line: [/chimerahomes/phi/compilers/gcc/4.8.2/vanilla/bin/g++      -v CMakeFiles/cmTryCompileExec3790160580.dir/CMakeCXXCompilerABI.cpp.o  -o cmTryCompileExec3790160580 -rdynamic  ]
  ignore line: [Using built-in specs.]
  ignore line: [COLLECT_GCC=/chimerahomes/phi/compilers/gcc/4.8.2/vanilla/bin/g++]
  ignore line: [COLLECT_LTO_WRAPPER=/chimerahomes/phi/compilers/gcc/4.8.2/vanilla/libexec/gcc/x86_64-redhat-linux/4.8.2/lto-wrapper]
  ignore line: [Target: x86_64-redhat-linux]
  ignore line: [Configured with: /scratch1/phi/4.8.2/configure --prefix=/chimerahomes/phi/compilers/gcc/4.8.2/vanilla --build=x86_64-redhat-linux --host=x86_64-redhat-linux --target=x86_64-redhat-linux --enable-languages=c,c++,fortran --enable-threads=posix --enable-tls --enable-__cxa_atexit --enable-bootstrap --enable-shared]
  ignore line: [Thread model: posix]
  ignore line: [gcc version 4.8.2 (GCC) ]
  ignore line: [COMPILER_PATH=/chimerahomes/phi/compilers/gcc/4.8.2/vanilla/libexec/gcc/x86_64-redhat-linux/4.8.2/:/chimerahomes/phi/compilers/gcc/4.8.2/vanilla/libexec/gcc/x86_64-redhat-linux/4.8.2/:/chimerahomes/phi/compilers/gcc/4.8.2/vanilla/libexec/gcc/x86_64-redhat-linux/:/chimerahomes/phi/compilers/gcc/4.8.2/vanilla/lib/gcc/x86_64-redhat-linux/4.8.2/:/chimerahomes/phi/compilers/gcc/4.8.2/vanilla/lib/gcc/x86_64-redhat-linux/]
  ignore line: [LIBRARY_PATH=/opt/stow/cuda/cuda-5.5.22/lib64/../lib64/:/opt/stow/cuda/cuda-5.5.22/lib/../lib64/:/chimerahomes/phi/compilers/gcc/4.8.2/vanilla/lib64/../lib64/:/chimerahomes/phi/compilers/gcc/4.8.2/vanilla/lib/../lib64/:/chimerahomes/phi/local/lib64/../lib64/:/chimerahomes/phi/local/lib/../lib64/:/chimerahomes/phi/compilers/gcc/4.8.2/vanilla/lib/gcc/x86_64-redhat-linux/4.8.2/:/chimerahomes/phi/compilers/gcc/4.8.2/vanilla/lib/gcc/x86_64-redhat-linux/4.8.2/../../../../lib64/:/lib/../lib64/:/usr/lib/../lib64/:/chimerahomes/phi/local/src/ncurses/5.9/lib/:/chimerahomes/phi/local/src/readline/6.3/lib/:/chimerahomes/phi/local/src/leveldb/1.15.0/:/chimerahomes/phi/local/src/protobuf/2.6.1/lib/:/chimerahomes/phi/local/src/snappy/1.1.1/lib/:/chimerahomes/phi/local/src/glog/0.3.3/lib/:/chimerahomes/phi/local/src/gflags/2.1.1/lib/:/chimerahomes/phi/local/src/graphviz/2.38.0/lib/:/chimerahomes/phi/local/Trolltech/Qt-4.8.6/lib/:/chimerahomes/phi/local/src/hdf5/1.8.13/lib/:/chimerahomes/phi/local/src/opencv/2.4.10/vanilla/lib/:/chimerahomes/phi/numerical/openblas/0.2.9/install_dir/lib/:/fs/gvilsw-usersupported/data/phi/local/src/boost/1.56.0/lib/:/usr/lib64/nvidia/:/opt/stow/cuda/cuda-5.5.22/lib64/:/opt/stow/cuda/cuda-5.5.22/lib/:/chimerahomes/phi/compilers/gcc/4.8.2/vanilla/lib64/:/chimerahomes/phi/compilers/gcc/4.8.2/vanilla/lib/:/chimerahomes/phi/local/lib64/:/chimerahomes/phi/local/lib/:/chimerahomes/phi/compilers/gcc/4.8.2/vanilla/lib/gcc/x86_64-redhat-linux/4.8.2/../../../:/lib/:/usr/lib/]
  ignore line: [COLLECT_GCC_OPTIONS='-v' '-o' 'cmTryCompileExec3790160580' '-rdynamic' '-shared-libgcc' '-mtune=generic' '-march=x86-64']
  link line: [ /chimerahomes/phi/compilers/gcc/4.8.2/vanilla/libexec/gcc/x86_64-redhat-linux/4.8.2/collect2 --eh-frame-hdr -m elf_x86_64 -export-dynamic -dynamic-linker /lib64/ld-linux-x86-64.so.2 -o cmTryCompileExec3790160580 /usr/lib/../lib64/crt1.o /usr/lib/../lib64/crti.o /chimerahomes/phi/compilers/gcc/4.8.2/vanilla/lib/gcc/x86_64-redhat-linux/4.8.2/crtbegin.o -L/opt/stow/cuda/cuda-5.5.22/lib64/../lib64 -L/opt/stow/cuda/cuda-5.5.22/lib/../lib64 -L/chimerahomes/phi/compilers/gcc/4.8.2/vanilla/lib64/../lib64 -L/chimerahomes/phi/compilers/gcc/4.8.2/vanilla/lib/../lib64 -L/chimerahomes/phi/local/lib64/../lib64 -L/chimerahomes/phi/local/lib/../lib64 -L/chimerahomes/phi/compilers/gcc/4.8.2/vanilla/lib/gcc/x86_64-redhat-linux/4.8.2 -L/chimerahomes/phi/compilers/gcc/4.8.2/vanilla/lib/gcc/x86_64-redhat-linux/4.8.2/../../../../lib64 -L/lib/../lib64 -L/usr/lib/../lib64 -L/chimerahomes/phi/local/src/ncurses/5.9/lib -L/chimerahomes/phi/local/src/readline/6.3/lib -L/chimerahomes/phi/local/src/leveldb/1.15.0 -L/chimerahomes/phi/local/src/protobuf/2.6.1/lib -L/chimerahomes/phi/local/src/snappy/1.1.1/lib -L/chimerahomes/phi/local/src/glog/0.3.3/lib -L/chimerahomes/phi/local/src/gflags/2.1.1/lib -L/chimerahomes/phi/local/src/graphviz/2.38.0/lib -L/chimerahomes/phi/local/Trolltech/Qt-4.8.6/lib -L/chimerahomes/phi/local/src/hdf5/1.8.13/lib -L/chimerahomes/phi/local/src/opencv/2.4.10/vanilla/lib -L/chimerahomes/phi/numerical/openblas/0.2.9/install_dir/lib -L/fs/gvilsw-usersupported/data/phi/local/src/boost/1.56.0/lib -L/usr/lib64/nvidia -L/opt/stow/cuda/cuda-5.5.22/lib64 -L/opt/stow/cuda/cuda-5.5.22/lib -L/chimerahomes/phi/compilers/gcc/4.8.2/vanilla/lib64 -L/chimerahomes/phi/compilers/gcc/4.8.2/vanilla/lib -L/chimerahomes/phi/local/lib64 -L/chimerahomes/phi/local/lib -L/chimerahomes/phi/compilers/gcc/4.8.2/vanilla/lib/gcc/x86_64-redhat-linux/4.8.2/../../.. CMakeFiles/cmTryCompileExec3790160580.dir/CMakeCXXCompilerABI.cpp.o -lstdc++ -lm -lgcc_s -lgcc -lc -lgcc_s -lgcc /chimerahomes/phi/compilers/gcc/4.8.2/vanilla/lib/gcc/x86_64-redhat-linux/4.8.2/crtend.o /usr/lib/../lib64/crtn.o]
    arg [/chimerahomes/phi/compilers/gcc/4.8.2/vanilla/libexec/gcc/x86_64-redhat-linux/4.8.2/collect2] ==> ignore
    arg [--eh-frame-hdr] ==> ignore
    arg [-m] ==> ignore
    arg [elf_x86_64] ==> ignore
    arg [-export-dynamic] ==> ignore
    arg [-dynamic-linker] ==> ignore
    arg [/lib64/ld-linux-x86-64.so.2] ==> ignore
    arg [-o] ==> ignore
    arg [cmTryCompileExec3790160580] ==> ignore
    arg [/usr/lib/../lib64/crt1.o] ==> ignore
    arg [/usr/lib/../lib64/crti.o] ==> ignore
    arg [/chimerahomes/phi/compilers/gcc/4.8.2/vanilla/lib/gcc/x86_64-redhat-linux/4.8.2/crtbegin.o] ==> ignore
    arg [-L/opt/stow/cuda/cuda-5.5.22/lib64/../lib64] ==> dir [/opt/stow/cuda/cuda-5.5.22/lib64/../lib64]
    arg [-L/opt/stow/cuda/cuda-5.5.22/lib/../lib64] ==> dir [/opt/stow/cuda/cuda-5.5.22/lib/../lib64]
    arg [-L/chimerahomes/phi/compilers/gcc/4.8.2/vanilla/lib64/../lib64] ==> dir [/chimerahomes/phi/compilers/gcc/4.8.2/vanilla/lib64/../lib64]
    arg [-L/chimerahomes/phi/compilers/gcc/4.8.2/vanilla/lib/../lib64] ==> dir [/chimerahomes/phi/compilers/gcc/4.8.2/vanilla/lib/../lib64]
    arg [-L/chimerahomes/phi/local/lib64/../lib64] ==> dir [/chimerahomes/phi/local/lib64/../lib64]
    arg [-L/chimerahomes/phi/local/lib/../lib64] ==> dir [/chimerahomes/phi/local/lib/../lib64]
    arg [-L/chimerahomes/phi/compilers/gcc/4.8.2/vanilla/lib/gcc/x86_64-redhat-linux/4.8.2] ==> dir [/chimerahomes/phi/compilers/gcc/4.8.2/vanilla/lib/gcc/x86_64-redhat-linux/4.8.2]
    arg [-L/chimerahomes/phi/compilers/gcc/4.8.2/vanilla/lib/gcc/x86_64-redhat-linux/4.8.2/../../../../lib64] ==> dir [/chimerahomes/phi/compilers/gcc/4.8.2/vanilla/lib/gcc/x86_64-redhat-linux/4.8.2/../../../../lib64]
    arg [-L/lib/../lib64] ==> dir [/lib/../lib64]
    arg [-L/usr/lib/../lib64] ==> dir [/usr/lib/../lib64]
    arg [-L/chimerahomes/phi/local/src/ncurses/5.9/lib] ==> dir [/chimerahomes/phi/local/src/ncurses/5.9/lib]
    arg [-L/chimerahomes/phi/local/src/readline/6.3/lib] ==> dir [/chimerahomes/phi/local/src/readline/6.3/lib]
    arg [-L/chimerahomes/phi/local/src/leveldb/1.15.0] ==> dir [/chimerahomes/phi/local/src/leveldb/1.15.0]
    arg [-L/chimerahomes/phi/local/src/protobuf/2.6.1/lib] ==> dir [/chimerahomes/phi/local/src/protobuf/2.6.1/lib]
    arg [-L/chimerahomes/phi/local/src/snappy/1.1.1/lib] ==> dir [/chimerahomes/phi/local/src/snappy/1.1.1/lib]
    arg [-L/chimerahomes/phi/local/src/glog/0.3.3/lib] ==> dir [/chimerahomes/phi/local/src/glog/0.3.3/lib]
    arg [-L/chimerahomes/phi/local/src/gflags/2.1.1/lib] ==> dir [/chimerahomes/phi/local/src/gflags/2.1.1/lib]
    arg [-L/chimerahomes/phi/local/src/graphviz/2.38.0/lib] ==> dir [/chimerahomes/phi/local/src/graphviz/2.38.0/lib]
    arg [-L/chimerahomes/phi/local/Trolltech/Qt-4.8.6/lib] ==> dir [/chimerahomes/phi/local/Trolltech/Qt-4.8.6/lib]
    arg [-L/chimerahomes/phi/local/src/hdf5/1.8.13/lib] ==> dir [/chimerahomes/phi/local/src/hdf5/1.8.13/lib]
    arg [-L/chimerahomes/phi/local/src/opencv/2.4.10/vanilla/lib] ==> dir [/chimerahomes/phi/local/src/opencv/2.4.10/vanilla/lib]
    arg [-L/chimerahomes/phi/numerical/openblas/0.2.9/install_dir/lib] ==> dir [/chimerahomes/phi/numerical/openblas/0.2.9/install_dir/lib]
    arg [-L/fs/gvilsw-usersupported/data/phi/local/src/boost/1.56.0/lib] ==> dir [/fs/gvilsw-usersupported/data/phi/local/src/boost/1.56.0/lib]
    arg [-L/usr/lib64/nvidia] ==> dir [/usr/lib64/nvidia]
    arg [-L/opt/stow/cuda/cuda-5.5.22/lib64] ==> dir [/opt/stow/cuda/cuda-5.5.22/lib64]
    arg [-L/opt/stow/cuda/cuda-5.5.22/lib] ==> dir [/opt/stow/cuda/cuda-5.5.22/lib]
    arg [-L/chimerahomes/phi/compilers/gcc/4.8.2/vanilla/lib64] ==> dir [/chimerahomes/phi/compilers/gcc/4.8.2/vanilla/lib64]
    arg [-L/chimerahomes/phi/compilers/gcc/4.8.2/vanilla/lib] ==> dir [/chimerahomes/phi/compilers/gcc/4.8.2/vanilla/lib]
    arg [-L/chimerahomes/phi/local/lib64] ==> dir [/chimerahomes/phi/local/lib64]
    arg [-L/chimerahomes/phi/local/lib] ==> dir [/chimerahomes/phi/local/lib]
    arg [-L/chimerahomes/phi/compilers/gcc/4.8.2/vanilla/lib/gcc/x86_64-redhat-linux/4.8.2/../../..] ==> dir [/chimerahomes/phi/compilers/gcc/4.8.2/vanilla/lib/gcc/x86_64-redhat-linux/4.8.2/../../..]
    arg [CMakeFiles/cmTryCompileExec3790160580.dir/CMakeCXXCompilerABI.cpp.o] ==> ignore
    arg [-lstdc++] ==> lib [stdc++]
    arg [-lm] ==> lib [m]
    arg [-lgcc_s] ==> lib [gcc_s]
    arg [-lgcc] ==> lib [gcc]
    arg [-lc] ==> lib [c]
    arg [-lgcc_s] ==> lib [gcc_s]
    arg [-lgcc] ==> lib [gcc]
    arg [/chimerahomes/phi/compilers/gcc/4.8.2/vanilla/lib/gcc/x86_64-redhat-linux/4.8.2/crtend.o] ==> ignore
    arg [/usr/lib/../lib64/crtn.o] ==> ignore
  remove lib [gcc_s]
  remove lib [gcc]
  remove lib [gcc_s]
  remove lib [gcc]
  collapse library dir [/opt/stow/cuda/cuda-5.5.22/lib64/../lib64] ==> [/opt/stow/cuda/cuda-5.5.22/lib64]
  collapse library dir [/opt/stow/cuda/cuda-5.5.22/lib/../lib64] ==> [/opt/stow/cuda/cuda-5.5.22/lib64]
  collapse library dir [/chimerahomes/phi/compilers/gcc/4.8.2/vanilla/lib64/../lib64] ==> [/chimerahomes/phi/compilers/gcc/4.8.2/vanilla/lib64]
  collapse library dir [/chimerahomes/phi/compilers/gcc/4.8.2/vanilla/lib/../lib64] ==> [/chimerahomes/phi/compilers/gcc/4.8.2/vanilla/lib64]
  collapse library dir [/chimerahomes/phi/local/lib64/../lib64] ==> [/chimerahomes/phi/local/lib64]
  collapse library dir [/chimerahomes/phi/local/lib/../lib64] ==> [/chimerahomes/phi/local/lib64]
  collapse library dir [/chimerahomes/phi/compilers/gcc/4.8.2/vanilla/lib/gcc/x86_64-redhat-linux/4.8.2] ==> [/chimerahomes/phi/compilers/gcc/4.8.2/vanilla/lib/gcc/x86_64-redhat-linux/4.8.2]
  collapse library dir [/chimerahomes/phi/compilers/gcc/4.8.2/vanilla/lib/gcc/x86_64-redhat-linux/4.8.2/../../../../lib64] ==> [/chimerahomes/phi/compilers/gcc/4.8.2/vanilla/lib64]
  collapse library dir [/lib/../lib64] ==> [/lib64]
  collapse library dir [/usr/lib/../lib64] ==> [/usr/lib64]
  collapse library dir [/chimerahomes/phi/local/src/ncurses/5.9/lib] ==> [/chimerahomes/phi/local/src/ncurses/5.9/lib]
  collapse library dir [/chimerahomes/phi/local/src/readline/6.3/lib] ==> [/chimerahomes/phi/local/src/readline/6.3/lib]
  collapse library dir [/chimerahomes/phi/local/src/leveldb/1.15.0] ==> [/chimerahomes/phi/local/src/leveldb/1.15.0]
  collapse library dir [/chimerahomes/phi/local/src/protobuf/2.6.1/lib] ==> [/chimerahomes/phi/local/src/protobuf/2.6.1/lib]
  collapse library dir [/chimerahomes/phi/local/src/snappy/1.1.1/lib] ==> [/chimerahomes/phi/local/src/snappy/1.1.1/lib]
  collapse library dir [/chimerahomes/phi/local/src/glog/0.3.3/lib] ==> [/chimerahomes/phi/local/src/glog/0.3.3/lib]
  collapse library dir [/chimerahomes/phi/local/src/gflags/2.1.1/lib] ==> [/chimerahomes/phi/local/src/gflags/2.1.1/lib]
  collapse library dir [/chimerahomes/phi/local/src/graphviz/2.38.0/lib] ==> [/chimerahomes/phi/local/src/graphviz/2.38.0/lib]
  collapse library dir [/chimerahomes/phi/local/Trolltech/Qt-4.8.6/lib] ==> [/chimerahomes/phi/local/Trolltech/Qt-4.8.6/lib]
  collapse library dir [/chimerahomes/phi/local/src/hdf5/1.8.13/lib] ==> [/chimerahomes/phi/local/src/hdf5/1.8.13/lib]
  collapse library dir [/chimerahomes/phi/local/src/opencv/2.4.10/vanilla/lib] ==> [/chimerahomes/phi/local/src/opencv/2.4.10/vanilla/lib]
  collapse library dir [/chimerahomes/phi/numerical/openblas/0.2.9/install_dir/lib] ==> [/chimerahomes/phi/numerical/openblas/0.2.9/install_dir/lib]
  collapse library dir [/fs/gvilsw-usersupported/data/phi/local/src/boost/1.56.0/lib] ==> [/fs/gvilsw-usersupported/data/phi/local/src/boost/1.56.0/lib]
  collapse library dir [/usr/lib64/nvidia] ==> [/usr/lib64/nvidia]
  collapse library dir [/opt/stow/cuda/cuda-5.5.22/lib64] ==> [/opt/stow/cuda/cuda-5.5.22/lib64]
  collapse library dir [/opt/stow/cuda/cuda-5.5.22/lib] ==> [/opt/stow/cuda/cuda-5.5.22/lib]
  collapse library dir [/chimerahomes/phi/compilers/gcc/4.8.2/vanilla/lib64] ==> [/chimerahomes/phi/compilers/gcc/4.8.2/vanilla/lib64]
  collapse library dir [/chimerahomes/phi/compilers/gcc/4.8.2/vanilla/lib] ==> [/chimerahomes/phi/compilers/gcc/4.8.2/vanilla/lib]
  collapse library dir [/chimerahomes/phi/local/lib64] ==> [/chimerahomes/phi/local/lib64]
  collapse library dir [/chimerahomes/phi/local/lib] ==> [/chimerahomes/phi/local/lib]
  collapse library dir [/chimerahomes/phi/compilers/gcc/4.8.2/vanilla/lib/gcc/x86_64-redhat-linux/4.8.2/../../..] ==> [/chimerahomes/phi/compilers/gcc/4.8.2/vanilla/lib]
  implicit libs: [stdc++;m;c]
  implicit dirs: [/opt/stow/cuda/cuda-5.5.22/lib64;/chimerahomes/phi/compilers/gcc/4.8.2/vanilla/lib64;/chimerahomes/phi/local/lib64;/chimerahomes/phi/compilers/gcc/4.8.2/vanilla/lib/gcc/x86_64-redhat-linux/4.8.2;/lib64;/usr/lib64;/chimerahomes/phi/local/src/ncurses/5.9/lib;/chimerahomes/phi/local/src/readline/6.3/lib;/chimerahomes/phi/local/src/leveldb/1.15.0;/chimerahomes/phi/local/src/protobuf/2.6.1/lib;/chimerahomes/phi/local/src/snappy/1.1.1/lib;/chimerahomes/phi/local/src/glog/0.3.3/lib;/chimerahomes/phi/local/src/gflags/2.1.1/lib;/chimerahomes/phi/local/src/graphviz/2.38.0/lib;/chimerahomes/phi/local/Trolltech/Qt-4.8.6/lib;/chimerahomes/phi/local/src/hdf5/1.8.13/lib;/chimerahomes/phi/local/src/opencv/2.4.10/vanilla/lib;/chimerahomes/phi/numerical/openblas/0.2.9/install_dir/lib;/fs/gvilsw-usersupported/data/phi/local/src/boost/1.56.0/lib;/usr/lib64/nvidia;/opt/stow/cuda/cuda-5.5.22/lib;/chimerahomes/phi/compilers/gcc/4.8.2/vanilla/lib;/chimerahomes/phi/local/lib]
  implicit fwks: []


Determining if the include file sys/types.h exists passed with the following output:
Change Dir: /chimerahomes/phi/neural_net/luajit-rocks/build-tree/CMakeFiles/CMakeTmp

Run Build Command:/usr/bin/gmake "cmTryCompileExec4198591345/fast"
/usr/bin/gmake -f CMakeFiles/cmTryCompileExec4198591345.dir/build.make CMakeFiles/cmTryCompileExec4198591345.dir/build
gmake[1]: Entering directory `/chimerahomes/phi/neural_net/luajit-rocks/build-tree/CMakeFiles/CMakeTmp'
/fs/gvilsw-usersupported/data/phi/local/bin/cmake -E cmake_progress_report /chimerahomes/phi/neural_net/luajit-rocks/build-tree/CMakeFiles/CMakeTmp/CMakeFiles 1
Building C object CMakeFiles/cmTryCompileExec4198591345.dir/CheckIncludeFile.c.o
/chimerahomes/phi/compilers/gcc/4.8.2/vanilla/bin/gcc    -o CMakeFiles/cmTryCompileExec4198591345.dir/CheckIncludeFile.c.o   -c /chimerahomes/phi/neural_net/luajit-rocks/build-tree/CMakeFiles/CMakeTmp/CheckIncludeFile.c
Linking C executable cmTryCompileExec4198591345
/fs/gvilsw-usersupported/data/phi/local/bin/cmake -E cmake_link_script CMakeFiles/cmTryCompileExec4198591345.dir/link.txt --verbose=1
/chimerahomes/phi/compilers/gcc/4.8.2/vanilla/bin/gcc       CMakeFiles/cmTryCompileExec4198591345.dir/CheckIncludeFile.c.o  -o cmTryCompileExec4198591345 -rdynamic 
gmake[1]: Leaving directory `/chimerahomes/phi/neural_net/luajit-rocks/build-tree/CMakeFiles/CMakeTmp'


Determining if the include file stdint.h exists passed with the following output:
Change Dir: /chimerahomes/phi/neural_net/luajit-rocks/build-tree/CMakeFiles/CMakeTmp

Run Build Command:/usr/bin/gmake "cmTryCompileExec3038831405/fast"
/usr/bin/gmake -f CMakeFiles/cmTryCompileExec3038831405.dir/build.make CMakeFiles/cmTryCompileExec3038831405.dir/build
gmake[1]: Entering directory `/chimerahomes/phi/neural_net/luajit-rocks/build-tree/CMakeFiles/CMakeTmp'
/fs/gvilsw-usersupported/data/phi/local/bin/cmake -E cmake_progress_report /chimerahomes/phi/neural_net/luajit-rocks/build-tree/CMakeFiles/CMakeTmp/CMakeFiles 1
Building C object CMakeFiles/cmTryCompileExec3038831405.dir/CheckIncludeFile.c.o
/chimerahomes/phi/compilers/gcc/4.8.2/vanilla/bin/gcc    -o CMakeFiles/cmTryCompileExec3038831405.dir/CheckIncludeFile.c.o   -c /chimerahomes/phi/neural_net/luajit-rocks/build-tree/CMakeFiles/CMakeTmp/CheckIncludeFile.c
Linking C executable cmTryCompileExec3038831405
/fs/gvilsw-usersupported/data/phi/local/bin/cmake -E cmake_link_script CMakeFiles/cmTryCompileExec3038831405.dir/link.txt --verbose=1
/chimerahomes/phi/compilers/gcc/4.8.2/vanilla/bin/gcc       CMakeFiles/cmTryCompileExec3038831405.dir/CheckIncludeFile.c.o  -o cmTryCompileExec3038831405 -rdynamic 
gmake[1]: Leaving directory `/chimerahomes/phi/neural_net/luajit-rocks/build-tree/CMakeFiles/CMakeTmp'


Determining if the include file stddef.h exists passed with the following output:
Change Dir: /chimerahomes/phi/neural_net/luajit-rocks/build-tree/CMakeFiles/CMakeTmp

Run Build Command:/usr/bin/gmake "cmTryCompileExec1287391948/fast"
/usr/bin/gmake -f CMakeFiles/cmTryCompileExec1287391948.dir/build.make CMakeFiles/cmTryCompileExec1287391948.dir/build
gmake[1]: Entering directory `/chimerahomes/phi/neural_net/luajit-rocks/build-tree/CMakeFiles/CMakeTmp'
/fs/gvilsw-usersupported/data/phi/local/bin/cmake -E cmake_progress_report /chimerahomes/phi/neural_net/luajit-rocks/build-tree/CMakeFiles/CMakeTmp/CMakeFiles 1
Building C object CMakeFiles/cmTryCompileExec1287391948.dir/CheckIncludeFile.c.o
/chimerahomes/phi/compilers/gcc/4.8.2/vanilla/bin/gcc    -o CMakeFiles/cmTryCompileExec1287391948.dir/CheckIncludeFile.c.o   -c /chimerahomes/phi/neural_net/luajit-rocks/build-tree/CMakeFiles/CMakeTmp/CheckIncludeFile.c
Linking C executable cmTryCompileExec1287391948
/fs/gvilsw-usersupported/data/phi/local/bin/cmake -E cmake_link_script CMakeFiles/cmTryCompileExec1287391948.dir/link.txt --verbose=1
/chimerahomes/phi/compilers/gcc/4.8.2/vanilla/bin/gcc       CMakeFiles/cmTryCompileExec1287391948.dir/CheckIncludeFile.c.o  -o cmTryCompileExec1287391948 -rdynamic 
gmake[1]: Leaving directory `/chimerahomes/phi/neural_net/luajit-rocks/build-tree/CMakeFiles/CMakeTmp'


Determining size of void* passed with the following output:
Change Dir: /chimerahomes/phi/neural_net/luajit-rocks/build-tree/CMakeFiles/CMakeTmp

Run Build Command:/usr/bin/gmake "cmTryCompileExec2869594479/fast"
/usr/bin/gmake -f CMakeFiles/cmTryCompileExec2869594479.dir/build.make CMakeFiles/cmTryCompileExec2869594479.dir/build
gmake[1]: Entering directory `/chimerahomes/phi/neural_net/luajit-rocks/build-tree/CMakeFiles/CMakeTmp'
/fs/gvilsw-usersupported/data/phi/local/bin/cmake -E cmake_progress_report /chimerahomes/phi/neural_net/luajit-rocks/build-tree/CMakeFiles/CMakeTmp/CMakeFiles 1
Building C object CMakeFiles/cmTryCompileExec2869594479.dir/SIZEOF_VOID_P.c.o
/chimerahomes/phi/compilers/gcc/4.8.2/vanilla/bin/gcc    -o CMakeFiles/cmTryCompileExec2869594479.dir/SIZEOF_VOID_P.c.o   -c /chimerahomes/phi/neural_net/luajit-rocks/build-tree/CMakeFiles/CheckTypeSize/SIZEOF_VOID_P.c
Linking C executable cmTryCompileExec2869594479
/fs/gvilsw-usersupported/data/phi/local/bin/cmake -E cmake_link_script CMakeFiles/cmTryCompileExec2869594479.dir/link.txt --verbose=1
/chimerahomes/phi/compilers/gcc/4.8.2/vanilla/bin/gcc       CMakeFiles/cmTryCompileExec2869594479.dir/SIZEOF_VOID_P.c.o  -o cmTryCompileExec2869594479 -rdynamic 
gmake[1]: Leaving directory `/chimerahomes/phi/neural_net/luajit-rocks/build-tree/CMakeFiles/CMakeTmp'


Determining if the function dlopen exists passed with the following output:
Change Dir: /chimerahomes/phi/neural_net/luajit-rocks/build-tree/CMakeFiles/CMakeTmp

Run Build Command:/usr/bin/gmake "cmTryCompileExec2488734669/fast"
/usr/bin/gmake -f CMakeFiles/cmTryCompileExec2488734669.dir/build.make CMakeFiles/cmTryCompileExec2488734669.dir/build
gmake[1]: Entering directory `/chimerahomes/phi/neural_net/luajit-rocks/build-tree/CMakeFiles/CMakeTmp'
/fs/gvilsw-usersupported/data/phi/local/bin/cmake -E cmake_progress_report /chimerahomes/phi/neural_net/luajit-rocks/build-tree/CMakeFiles/CMakeTmp/CMakeFiles 1
Building C object CMakeFiles/cmTryCompileExec2488734669.dir/CheckFunctionExists.c.o
/chimerahomes/phi/compilers/gcc/4.8.2/vanilla/bin/gcc   -DCHECK_FUNCTION_EXISTS=dlopen   -o CMakeFiles/cmTryCompileExec2488734669.dir/CheckFunctionExists.c.o   -c /fs/gvilsw-usersupported/data/phi/local/share/cmake-2.8/Modules/CheckFunctionExists.c
Linking C executable cmTryCompileExec2488734669
/fs/gvilsw-usersupported/data/phi/local/bin/cmake -E cmake_link_script CMakeFiles/cmTryCompileExec2488734669.dir/link.txt --verbose=1
/chimerahomes/phi/compilers/gcc/4.8.2/vanilla/bin/gcc   -DCHECK_FUNCTION_EXISTS=dlopen    CMakeFiles/cmTryCompileExec2488734669.dir/CheckFunctionExists.c.o  -o cmTryCompileExec2488734669 -rdynamic -ldl 
gmake[1]: Leaving directory `/chimerahomes/phi/neural_net/luajit-rocks/build-tree/CMakeFiles/CMakeTmp'


Determining if the function sin exists in the m passed with the following output:
Change Dir: /chimerahomes/phi/neural_net/luajit-rocks/build-tree/CMakeFiles/CMakeTmp

Run Build Command:/usr/bin/gmake "cmTryCompileExec3604334327/fast"
/usr/bin/gmake -f CMakeFiles/cmTryCompileExec3604334327.dir/build.make CMakeFiles/cmTryCompileExec3604334327.dir/build
gmake[1]: Entering directory `/chimerahomes/phi/neural_net/luajit-rocks/build-tree/CMakeFiles/CMakeTmp'
/fs/gvilsw-usersupported/data/phi/local/bin/cmake -E cmake_progress_report /chimerahomes/phi/neural_net/luajit-rocks/build-tree/CMakeFiles/CMakeTmp/CMakeFiles 1
Building C object CMakeFiles/cmTryCompileExec3604334327.dir/CheckFunctionExists.c.o
/chimerahomes/phi/compilers/gcc/4.8.2/vanilla/bin/gcc   -DCHECK_FUNCTION_EXISTS=sin   -o CMakeFiles/cmTryCompileExec3604334327.dir/CheckFunctionExists.c.o   -c /fs/gvilsw-usersupported/data/phi/local/share/cmake-2.8/Modules/CheckFunctionExists.c
<command-line>:0:23: warning: conflicting types for built-in function sin [enabled by default]
/fs/gvilsw-usersupported/data/phi/local/share/cmake-2.8/Modules/CheckFunctionExists.c:3:6: note: in expansion of macro CHECK_FUNCTION_EXISTS
 char CHECK_FUNCTION_EXISTS();
      ^
Linking C executable cmTryCompileExec3604334327
/fs/gvilsw-usersupported/data/phi/local/bin/cmake -E cmake_link_script CMakeFiles/cmTryCompileExec3604334327.dir/link.txt --verbose=1
/chimerahomes/phi/compilers/gcc/4.8.2/vanilla/bin/gcc   -DCHECK_FUNCTION_EXISTS=sin    CMakeFiles/cmTryCompileExec3604334327.dir/CheckFunctionExists.c.o  -o cmTryCompileExec3604334327 -rdynamic -lm -ldl 
gmake[1]: Leaving directory `/chimerahomes/phi/neural_net/luajit-rocks/build-tree/CMakeFiles/CMakeTmp'


Performing C SOURCE FILE Test LJ_TARGET_X64 succeded with the following output:
Change Dir: /chimerahomes/phi/neural_net/luajit-rocks/build-tree/CMakeFiles/CMakeTmp

Run Build Command:/usr/bin/gmake "cmTryCompileExec3240493319/fast"
/usr/bin/gmake -f CMakeFiles/cmTryCompileExec3240493319.dir/build.make CMakeFiles/cmTryCompileExec3240493319.dir/build
gmake[1]: Entering directory `/chimerahomes/phi/neural_net/luajit-rocks/build-tree/CMakeFiles/CMakeTmp'
/fs/gvilsw-usersupported/data/phi/local/bin/cmake -E cmake_progress_report /chimerahomes/phi/neural_net/luajit-rocks/build-tree/CMakeFiles/CMakeTmp/CMakeFiles 1
Building C object CMakeFiles/cmTryCompileExec3240493319.dir/src.c.o
/chimerahomes/phi/compilers/gcc/4.8.2/vanilla/bin/gcc   -DLJ_TARGET_X64 -I/chimerahomes/phi/neural_net/luajit-rocks/build-tree/luajit-2.0 -I/chimerahomes/phi/neural_net/luajit-rocks/luajit-2.0/src    -o CMakeFiles/cmTryCompileExec3240493319.dir/src.c.o   -c /chimerahomes/phi/neural_net/luajit-rocks/build-tree/CMakeFiles/CMakeTmp/src.c
Linking C executable cmTryCompileExec3240493319
/fs/gvilsw-usersupported/data/phi/local/bin/cmake -E cmake_link_script CMakeFiles/cmTryCompileExec3240493319.dir/link.txt --verbose=1
/chimerahomes/phi/compilers/gcc/4.8.2/vanilla/bin/gcc   -DLJ_TARGET_X64    CMakeFiles/cmTryCompileExec3240493319.dir/src.c.o  -o cmTryCompileExec3240493319 -rdynamic -ldl 
gmake[1]: Leaving directory `/chimerahomes/phi/neural_net/luajit-rocks/build-tree/CMakeFiles/CMakeTmp'

Source file was:

#undef LJ_TARGET_X64
#include "lj_arch.h"
#if LJ_TARGET_X64
int main() { return 0; }
#else
#error "not defined"
#endif

Performing C SOURCE FILE Test LJ_ARCH_BITS_64 succeded with the following output:
Change Dir: /chimerahomes/phi/neural_net/luajit-rocks/build-tree/CMakeFiles/CMakeTmp

Run Build Command:/usr/bin/gmake "cmTryCompileExec1669509420/fast"
/usr/bin/gmake -f CMakeFiles/cmTryCompileExec1669509420.dir/build.make CMakeFiles/cmTryCompileExec1669509420.dir/build
gmake[1]: Entering directory `/chimerahomes/phi/neural_net/luajit-rocks/build-tree/CMakeFiles/CMakeTmp'
/fs/gvilsw-usersupported/data/phi/local/bin/cmake -E cmake_progress_report /chimerahomes/phi/neural_net/luajit-rocks/build-tree/CMakeFiles/CMakeTmp/CMakeFiles 1
Building C object CMakeFiles/cmTryCompileExec1669509420.dir/src.c.o
/chimerahomes/phi/compilers/gcc/4.8.2/vanilla/bin/gcc   -DLJ_ARCH_BITS_64 -I/chimerahomes/phi/neural_net/luajit-rocks/build-tree/luajit-2.0 -I/chimerahomes/phi/neural_net/luajit-rocks/luajit-2.0/src    -o CMakeFiles/cmTryCompileExec1669509420.dir/src.c.o   -c /chimerahomes/phi/neural_net/luajit-rocks/build-tree/CMakeFiles/CMakeTmp/src.c
Linking C executable cmTryCompileExec1669509420
/fs/gvilsw-usersupported/data/phi/local/bin/cmake -E cmake_link_script CMakeFiles/cmTryCompileExec1669509420.dir/link.txt --verbose=1
/chimerahomes/phi/compilers/gcc/4.8.2/vanilla/bin/gcc   -DLJ_ARCH_BITS_64    CMakeFiles/cmTryCompileExec1669509420.dir/src.c.o  -o cmTryCompileExec1669509420 -rdynamic -ldl 
gmake[1]: Leaving directory `/chimerahomes/phi/neural_net/luajit-rocks/build-tree/CMakeFiles/CMakeTmp'

Source file was:

#undef LJ_ARCH_BITS
#include "lj_arch.h"
#if LJ_ARCH_BITS == 64
int main() { return 0; }
#else
#error "not defined"
#endif

Performing C SOURCE FILE Test LJ_HASJIT_1 succeded with the following output:
Change Dir: /chimerahomes/phi/neural_net/luajit-rocks/build-tree/CMakeFiles/CMakeTmp

Run Build Command:/usr/bin/gmake "cmTryCompileExec99307600/fast"
/usr/bin/gmake -f CMakeFiles/cmTryCompileExec99307600.dir/build.make CMakeFiles/cmTryCompileExec99307600.dir/build
gmake[1]: Entering directory `/chimerahomes/phi/neural_net/luajit-rocks/build-tree/CMakeFiles/CMakeTmp'
/fs/gvilsw-usersupported/data/phi/local/bin/cmake -E cmake_progress_report /chimerahomes/phi/neural_net/luajit-rocks/build-tree/CMakeFiles/CMakeTmp/CMakeFiles 1
Building C object CMakeFiles/cmTryCompileExec99307600.dir/src.c.o
/chimerahomes/phi/compilers/gcc/4.8.2/vanilla/bin/gcc   -DLJ_HASJIT_1 -I/chimerahomes/phi/neural_net/luajit-rocks/build-tree/luajit-2.0 -I/chimerahomes/phi/neural_net/luajit-rocks/luajit-2.0/src    -o CMakeFiles/cmTryCompileExec99307600.dir/src.c.o   -c /chimerahomes/phi/neural_net/luajit-rocks/build-tree/CMakeFiles/CMakeTmp/src.c
Linking C executable cmTryCompileExec99307600
/fs/gvilsw-usersupported/data/phi/local/bin/cmake -E cmake_link_script CMakeFiles/cmTryCompileExec99307600.dir/link.txt --verbose=1
/chimerahomes/phi/compilers/gcc/4.8.2/vanilla/bin/gcc   -DLJ_HASJIT_1    CMakeFiles/cmTryCompileExec99307600.dir/src.c.o  -o cmTryCompileExec99307600 -rdynamic -ldl 
gmake[1]: Leaving directory `/chimerahomes/phi/neural_net/luajit-rocks/build-tree/CMakeFiles/CMakeTmp'

Source file was:

#undef LJ_HASJIT
#include "lj_arch.h"
#if LJ_HASJIT == 1
int main() { return 0; }
#else
#error "not defined"
#endif

Performing C SOURCE FILE Test LJ_HASFFI_1 succeded with the following output:
Change Dir: /chimerahomes/phi/neural_net/luajit-rocks/build-tree/CMakeFiles/CMakeTmp

Run Build Command:/usr/bin/gmake "cmTryCompileExec214583760/fast"
/usr/bin/gmake -f CMakeFiles/cmTryCompileExec214583760.dir/build.make CMakeFiles/cmTryCompileExec214583760.dir/build
gmake[1]: Entering directory `/chimerahomes/phi/neural_net/luajit-rocks/build-tree/CMakeFiles/CMakeTmp'
/fs/gvilsw-usersupported/data/phi/local/bin/cmake -E cmake_progress_report /chimerahomes/phi/neural_net/luajit-rocks/build-tree/CMakeFiles/CMakeTmp/CMakeFiles 1
Building C object CMakeFiles/cmTryCompileExec214583760.dir/src.c.o
/chimerahomes/phi/compilers/gcc/4.8.2/vanilla/bin/gcc   -DLJ_HASFFI_1 -I/chimerahomes/phi/neural_net/luajit-rocks/build-tree/luajit-2.0 -I/chimerahomes/phi/neural_net/luajit-rocks/luajit-2.0/src    -o CMakeFiles/cmTryCompileExec214583760.dir/src.c.o   -c /chimerahomes/phi/neural_net/luajit-rocks/build-tree/CMakeFiles/CMakeTmp/src.c
Linking C executable cmTryCompileExec214583760
/fs/gvilsw-usersupported/data/phi/local/bin/cmake -E cmake_link_script CMakeFiles/cmTryCompileExec214583760.dir/link.txt --verbose=1
/chimerahomes/phi/compilers/gcc/4.8.2/vanilla/bin/gcc   -DLJ_HASFFI_1    CMakeFiles/cmTryCompileExec214583760.dir/src.c.o  -o cmTryCompileExec214583760 -rdynamic -ldl 
gmake[1]: Leaving directory `/chimerahomes/phi/neural_net/luajit-rocks/build-tree/CMakeFiles/CMakeTmp'

Source file was:

#undef LJ_HASFFI
#include "lj_arch.h"
#if LJ_HASFFI == 1
int main() { return 0; }
#else
#error "not defined"
#endif

Performing C SOURCE FILE Test LJ_ARCH_HASFPU_1 succeded with the following output:
Change Dir: /chimerahomes/phi/neural_net/luajit-rocks/build-tree/CMakeFiles/CMakeTmp

Run Build Command:/usr/bin/gmake "cmTryCompileExec3001701480/fast"
/usr/bin/gmake -f CMakeFiles/cmTryCompileExec3001701480.dir/build.make CMakeFiles/cmTryCompileExec3001701480.dir/build
gmake[1]: Entering directory `/chimerahomes/phi/neural_net/luajit-rocks/build-tree/CMakeFiles/CMakeTmp'
/fs/gvilsw-usersupported/data/phi/local/bin/cmake -E cmake_progress_report /chimerahomes/phi/neural_net/luajit-rocks/build-tree/CMakeFiles/CMakeTmp/CMakeFiles 1
Building C object CMakeFiles/cmTryCompileExec3001701480.dir/src.c.o
/chimerahomes/phi/compilers/gcc/4.8.2/vanilla/bin/gcc   -DLJ_ARCH_HASFPU_1 -I/chimerahomes/phi/neural_net/luajit-rocks/build-tree/luajit-2.0 -I/chimerahomes/phi/neural_net/luajit-rocks/luajit-2.0/src    -o CMakeFiles/cmTryCompileExec3001701480.dir/src.c.o   -c /chimerahomes/phi/neural_net/luajit-rocks/build-tree/CMakeFiles/CMakeTmp/src.c
Linking C executable cmTryCompileExec3001701480
/fs/gvilsw-usersupported/data/phi/local/bin/cmake -E cmake_link_script CMakeFiles/cmTryCompileExec3001701480.dir/link.txt --verbose=1
/chimerahomes/phi/compilers/gcc/4.8.2/vanilla/bin/gcc   -DLJ_ARCH_HASFPU_1    CMakeFiles/cmTryCompileExec3001701480.dir/src.c.o  -o cmTryCompileExec3001701480 -rdynamic -ldl 
gmake[1]: Leaving directory `/chimerahomes/phi/neural_net/luajit-rocks/build-tree/CMakeFiles/CMakeTmp'

Source file was:

#undef LJ_ARCH_HASFPU
#include "lj_arch.h"
#if LJ_ARCH_HASFPU == 1
int main() { return 0; }
#else
#error "not defined"
#endif

Determining if the function sin exists in the m passed with the following output:
Change Dir: /chimerahomes/phi/neural_net/luajit-rocks/build-tree/CMakeFiles/CMakeTmp

Run Build Command:/usr/bin/gmake "cmTryCompileExec911165244/fast"
/usr/bin/gmake -f CMakeFiles/cmTryCompileExec911165244.dir/build.make CMakeFiles/cmTryCompileExec911165244.dir/build
gmake[1]: Entering directory `/chimerahomes/phi/neural_net/luajit-rocks/build-tree/CMakeFiles/CMakeTmp'
/fs/gvilsw-usersupported/data/phi/local/bin/cmake -E cmake_progress_report /chimerahomes/phi/neural_net/luajit-rocks/build-tree/CMakeFiles/CMakeTmp/CMakeFiles 1
Building C object CMakeFiles/cmTryCompileExec911165244.dir/CheckFunctionExists.c.o
/chimerahomes/phi/compilers/gcc/4.8.2/vanilla/bin/gcc   -DCHECK_FUNCTION_EXISTS=sin   -o CMakeFiles/cmTryCompileExec911165244.dir/CheckFunctionExists.c.o   -c /fs/gvilsw-usersupported/data/phi/local/share/cmake-2.8/Modules/CheckFunctionExists.c
<command-line>:0:23: warning: conflicting types for built-in function sin [enabled by default]
/fs/gvilsw-usersupported/data/phi/local/share/cmake-2.8/Modules/CheckFunctionExists.c:3:6: note: in expansion of macro CHECK_FUNCTION_EXISTS
 char CHECK_FUNCTION_EXISTS();
      ^
Linking C executable cmTryCompileExec911165244
/fs/gvilsw-usersupported/data/phi/local/bin/cmake -E cmake_link_script CMakeFiles/cmTryCompileExec911165244.dir/link.txt --verbose=1
/chimerahomes/phi/compilers/gcc/4.8.2/vanilla/bin/gcc   -DCHECK_FUNCTION_EXISTS=sin    CMakeFiles/cmTryCompileExec911165244.dir/CheckFunctionExists.c.o  -o cmTryCompileExec911165244 -rdynamic -lm -ldl 
gmake[1]: Leaving directory `/chimerahomes/phi/neural_net/luajit-rocks/build-tree/CMakeFiles/CMakeTmp'


